
> @sellr/web@0.1.0 build /Users/brianchei/repos/sellr/apps/web
> next build

⚠ Warning: Next.js inferred your workspace root, but it may not be correct.
 We detected multiple lockfiles and selected the directory of /Users/brianchei/package-lock.json as the root directory.
 To silence this warning, set `turbopack.root` in your Next.js config, or consider removing one of the lockfiles if it's not needed.
   See https://nextjs.org/docs/app/api-reference/config/next-config-js/turbopack#root-directory for more information.
 Detected additional lockfiles: 
   * /Users/brianchei/repos/sellr/pnpm-workspace.yaml

Attention: Next.js now collects completely anonymous telemetry regarding usage.
This information is used to shape Next.js' roadmap and prioritize features.
You can learn more, including how to opt-out if you'd not like to participate in this anonymous program, by visiting the following URL:
https://nextjs.org/telemetry

▲ Next.js 16.2.3 (Turbopack)

  Creating an optimized production build ...
✓ Compiled successfully in 2.2s
  Running TypeScript ...
  Finished TypeScript in 1004ms ...
  Collecting page data using 6 workers ...
  Generating static pages using 6 workers (0/5) ...
  Generating static pages using 6 workers (1/5) 
  Generating static pages using 6 workers (2/5) 
  Generating static pages using 6 workers (3/5) 
✓ Generating static pages using 6 workers (5/5) in 324ms
  Finalizing page optimization ...

Route (app)
┌ ○ /
├ ○ /_not-found
└ ○ /dashboard


○  (Static)  prerendered as static content

